Using pre-set license
Built from '2020.3/staging' branch; Version is '2020.3.4f1 (0abb6314276a) revision 703331'; Using compiler version '192528614'; Build Type 'Release'
OS: 'Windows 10 Education; OS build 18363.1801; Version 1909; 64bit' Language: 'ru' Physical Memory: 32683 MB
BatchMode: 1, IsHumanControllingUs: 0, StartBugReporterOnCrash: 0, Is64bit: 1, IsPro: 0

 COMMAND LINE ARGUMENTS:
C:\Program Files\Unity\Hub\Editor\2020.3.4f1\Editor\Unity.exe
-adb2
-batchMode
-noUpm
-name
AssetImportWorker0
-projectPath
C:/Projects/Template/Tamplate
-logFile
Logs/AssetImportWorker0.log
-srvPort
51017
Successfully changed project path to: C:/Projects/Template/Tamplate
C:/Projects/Template/Tamplate
Using Asset Import Pipeline V2.
Refreshing native plugins compatible for Editor in 21.84 ms, found 0 plugins.
Preloading 0 native plugins for Editor in 0.00 ms.
Initialize engine version: 2020.3.4f1 (0abb6314276a)
[Subsystems] Discovering subsystems at path C:/Program Files/Unity/Hub/Editor/2020.3.4f1/Editor/Data/Resources/UnitySubsystems
[Subsystems] Discovering subsystems at path C:/Projects/Template/Tamplate/Assets
GfxDevice: creating device client; threaded=0
Direct3D:
    Version:  Direct3D 11.0 [level 11.1]
    Renderer: NVIDIA GeForce RTX 2060 (ID=0x1f08)
    Vendor:   
    VRAM:     5980 MB
    Driver:   27.21.14.5751
Initialize mono
Mono path[0] = 'C:/Program Files/Unity/Hub/Editor/2020.3.4f1/Editor/Data/Managed'
Mono path[1] = 'C:/Program Files/Unity/Hub/Editor/2020.3.4f1/Editor/Data/MonoBleedingEdge/lib/mono/unityjit'
Mono config path = 'C:/Program Files/Unity/Hub/Editor/2020.3.4f1/Editor/Data/MonoBleedingEdge/etc'
Using monoOptions --debugger-agent=transport=dt_socket,embedding=1,server=y,suspend=n,address=127.0.0.1:56864
Begin MonoManager ReloadAssembly
Registering precompiled unity dll's ...
Register platform support module: C:/Program Files/Unity/Hub/Editor/2020.3.4f1/Editor/Data/PlaybackEngines/WindowsStandaloneSupport/UnityEditor.WindowsStandalone.Extensions.dll
Registered in 0.001462 seconds.
Native extension for WindowsStandalone target not found
Refreshing native plugins compatible for Editor in 19.22 ms, found 0 plugins.
Preloading 0 native plugins for Editor in 0.00 ms.
Mono: successfully reloaded assembly
- Completed reload, in  0.894 seconds
Platform modules already initialized, skipping
Registering precompiled user dll's ...
Registered in 0.001490 seconds.
Begin MonoManager ReloadAssembly
Native extension for WindowsStandalone target not found
Refreshing native plugins compatible for Editor in 0.19 ms, found 0 plugins.
Preloading 0 native plugins for Editor in 0.00 ms.
Mono: successfully reloaded assembly
- Completed reload, in  0.689 seconds
Platform modules already initialized, skipping
========================================================================
Worker process is ready to serve import requests
Launched and connected shader compiler UnityShaderCompiler.exe after 0.03 seconds
Refreshing native plugins compatible for Editor in 0.19 ms, found 0 plugins.
Preloading 0 native plugins for Editor in 0.00 ms.
Unloading 1156 Unused Serialized files (Serialized files now loaded: 0)
System memory in use before: 58.1 MB.
System memory in use after: 58.1 MB.

Unloading 12 unused Assets to reduce memory usage. Loaded Objects now: 1601.
Total: 1.608300 ms (FindLiveObjects: 0.121100 ms CreateObjectMapping: 0.034000 ms MarkObjects: 1.386900 ms  DeleteObjects: 0.065300 ms)

========================================================================
Received Import Request.
  path: Assets/Scripts/Model/ScriptOnText.cs
  artifactKey: Guid(8f046422385bd5442bc4f75485395ad8) Importer(815301076,1909f56bfc062723c751e8b465ee728b)
Start importing Assets/Scripts/Model/ScriptOnText.cs using Guid(8f046422385bd5442bc4f75485395ad8) Importer(815301076,1909f56bfc062723c751e8b465ee728b)  -> (artifact id: '9d50418bc8cadd1ee5da6f57c8e86812') in 0.024195 seconds
  Import took 0.025958 seconds .

========================================================================
Received Import Request.
  Time since last request: 12.829740 seconds.
  path: Assets/Resources/DOTweenSettings.asset
  artifactKey: Guid(55a08be403d80fa4385364e3cdca97be) Importer(815301076,1909f56bfc062723c751e8b465ee728b)
Start importing Assets/Resources/DOTweenSettings.asset using Guid(55a08be403d80fa4385364e3cdca97be) Importer(815301076,1909f56bfc062723c751e8b465ee728b)  -> (artifact id: 'd44fcb64e2d57a26cb1a81e3ac6c088e') in 0.016981 seconds
  Import took 0.018707 seconds .

========================================================================
Received Import Request.
  Time since last request: 6.771585 seconds.
  path: Assets/Resources
  artifactKey: Guid(e74021363be9a3f4cb40f14ed3ddfc65) Importer(815301076,1909f56bfc062723c751e8b465ee728b)
Start importing Assets/Resources using Guid(e74021363be9a3f4cb40f14ed3ddfc65) Importer(815301076,1909f56bfc062723c751e8b465ee728b)  -> (artifact id: 'de759161e9dfae00363f11d35cd6b6bb') in 0.007764 seconds
  Import took 0.009471 seconds .

========================================================================
Received Import Request.
  Time since last request: 6.597585 seconds.
  path: Assets/Resources/UI
  artifactKey: Guid(2cc1de0d175a32940b9f20d50c4e5005) Importer(815301076,1909f56bfc062723c751e8b465ee728b)
Start importing Assets/Resources/UI using Guid(2cc1de0d175a32940b9f20d50c4e5005) Importer(815301076,1909f56bfc062723c751e8b465ee728b)  -> (artifact id: '32291b1c3159fc0f0aeb26053643786d') in 0.007310 seconds
  Import took 0.008829 seconds .

AssetImportWorkerClient::OnTransportError - code=2 error=End of file
